<?xml version="1.0" encoding="UTF-8"?>
<testsuite xmlns:xsi="http://www.w3.org/2001/XMLSchema-instance" xsi:noNamespaceSchemaLocation="https://maven.apache.org/surefire/maven-surefire-plugin/xsd/surefire-test-report-3.0.xsd" version="3.0" name="com.renatam.AppTest" time="0.054" tests="7" errors="0" skipped="0" failures="0">
  <properties>
[...]
</properties>
  <testcase name="goldSilver" classname="com.renatam.AppTest" time="0.001"/>
  <testcase name="saldoInicialAlto" classname="com.renatam.AppTest" time="0"/>
  <testcase name="platinumGold" classname="com.renatam.AppTest" time="0"/>
  <testcase name="goldPlatinum" classname="com.renatam.AppTest" time="0"/>
  <testcase name="siverGold" classname="com.renatam.AppTest" time="0"/>
  <testcase name="saldoInicialBaixo" classname="com.renatam.AppTest" time="0"/>
  <testcase name="saldoInicialMedio" classname="com.renatam.AppTest" time="0"/>
</testsuite>